Failed to load settings: Error [PrismaClientInitializationError]: 
Invalid `prisma.content.findMany()` invocation:


Prisma Client could not locate the Query Engine for runtime "debian-openssl-1.0.x".

This happened because Prisma Client was generated for "windows", but the actual deployment required "debian-openssl-1.0.x".
Add "debian-openssl-1.0.x" to `binaryTargets` in the "schema.prisma" file and run `prisma generate` after saving it:

generator client {
  provider      = "prisma-client-js"
  binaryTargets = ["native", "debian-openssl-1.0.x"]
}

The following locations have been searched:
  /home/hyoytkltzg/nodevenv/headhunters.lk/24/lib/node_modules/.prisma/client
  /home/hyoytkltzg/nodevenv/headhunters.lk/24/lib/node_modules/@prisma/client
  D:\GIT\head-hunters-site\node_modules\@prisma\client
  /tmp/prisma-engines
    at async j (.next/server/chunks/729.js:1:2833)
    at async m (.next/server/chunks/729.js:1:10512) {
  clientVersion: '6.19.3',
  errorCode: undefined,
  retryable: undefined
}
[31m[auth][error][0m UntrustedHost: Host must be trusted. URL was: https://headhunters.lk/api/auth/session. Read more at https://errors.authjs.dev#untrustedhost
    at /home/hyoytkltzg/headhunters.lk/.next/server/chunks/826.js:404:51445
    at fI (/home/hyoytkltzg/headhunters.lk/.next/server/chunks/826.js:404:54113)
⨯ Error [PrismaClientInitializationError]: 
Invalid `prisma.job.findMany()` invocation:


Prisma Client could not locate the Query Engine for runtime "debian-openssl-1.0.x".

This happened because Prisma Client was generated for "windows", but the actual deployment required "debian-openssl-1.0.x".
Add "debian-openssl-1.0.x" to `binaryTargets` in the "schema.prisma" file and run `prisma generate` after saving it:

generator client {
  provider      = "prisma-client-js"
  binaryTargets = ["native", "debian-openssl-1.0.x"]
}

The following locations have been searched:
  /home/hyoytkltzg/nodevenv/headhunters.lk/24/lib/node_modules/.prisma/client
  /home/hyoytkltzg/nodevenv/headhunters.lk/24/lib/node_modules/@prisma/client
  D:\GIT\head-hunters-site\node_modules\@prisma\client
  /tmp/prisma-engines
    at async u (.next/server/app/page.js:21:78000) {
  clientVersion: '6.19.3',
  errorCode: undefined,
  retryable: undefined,
  digest: '2274872558'
}
Failed to load settings: Error [PrismaClientInitializationError]: 
Invalid `prisma.content.findMany()` invocation:


Prisma Client could not locate the Query Engine for runtime "debian-openssl-1.0.x".

This happened because Prisma Client was generated for "windows", but the actual deployment required "debian-openssl-1.0.x".
Add "debian-openssl-1.0.x" to `binaryTargets` in the "schema.prisma" file and run `prisma generate` after saving it:

generator client {
  provider      = "prisma-client-js"
  binaryTargets = ["native", "debian-openssl-1.0.x"]
}

The following locations have been searched:
  /home/hyoytkltzg/nodevenv/headhunters.lk/24/lib/node_modules/.prisma/client
  /home/hyoytkltzg/nodevenv/headhunters.lk/24/lib/node_modules/@prisma/client
  D:\GIT\head-hunters-site\node_modules\@prisma\client
  /tmp/prisma-engines
    at async j (.next/server/chunks/729.js:1:2833)
    at async m (.next/server/chunks/729.js:1:10512) {
  clientVersion: '6.19.3',
  errorCode: undefined,
  retryable: undefined
}
⨯ Error [PrismaClientInitializationError]: 
Invalid `prisma.job.findMany()` invocation:


Prisma Client could not locate the Query Engine for runtime "debian-openssl-1.0.x".

This happened because Prisma Client was generated for "windows", but the actual deployment required "debian-openssl-1.0.x".
Add "debian-openssl-1.0.x" to `binaryTargets` in the "schema.prisma" file and run `prisma generate` after saving it:

generator client {
  provider      = "prisma-client-js"
  binaryTargets = ["native", "debian-openssl-1.0.x"]
}

The following locations have been searched:
  /home/hyoytkltzg/nodevenv/headhunters.lk/24/lib/node_modules/.prisma/client
  /home/hyoytkltzg/nodevenv/headhunters.lk/24/lib/node_modules/@prisma/client
  D:\GIT\head-hunters-site\node_modules\@prisma\client
  /tmp/prisma-engines
    at async u (.next/server/app/page.js:21:78000) {
  clientVersion: '6.19.3',
  errorCode: undefined,
  retryable: undefined,
  digest: '1016541857'
}
[31m[auth][error][0m UntrustedHost: Host must be trusted. URL was: https://headhunters.lk/api/auth/session. Read more at https://errors.authjs.dev#untrustedhost
    at /home/hyoytkltzg/headhunters.lk/.next/server/chunks/826.js:404:51445
    at fI (/home/hyoytkltzg/headhunters.lk/.next/server/chunks/826.js:404:54113)
    at process.processTicksAndRejections (node:internal/process/task_queues:104:5)
